2021-11-11 14:43:05 INFO  Principal:17 - ########## INICIO DO BACKEND ##########
2021-11-11 14:43:05 INFO  PerguntasERespostas:23 - #### PERGUNTAS IPERSON ####
2021-11-11 14:43:05 INFO  PerguntasERespostas:26 - PERGUNTA 1: null
2021-11-11 14:47:01 INFO  Principal:17 - ########## INICIO DO BACKEND ##########
2021-11-11 14:47:01 INFO  PerguntasERespostas:24 - #### PERGUNTAS IPERSON ####
2021-11-11 14:47:01 INFO  PerguntasERespostas:27 - PERGUNTA 1: Você se considera uma pessoa responsável com as suas tarefas do dia a dia?Ter empatia com as outras pessoas é importante para você?
2021-11-11 14:57:57 INFO  Principal:16 - ########## INICIO DO BACKEND ##########
2021-11-11 14:58:00 INFO  PerguntasERespostas:25 - #### PERGUNTAS IPERSON ####
2021-11-11 14:58:00 INFO  PerguntasERespostas:28 - PERGUNTA 1: null
2021-11-11 14:58:39 INFO  Principal:16 - ########## INICIO DO BACKEND ##########
2021-11-11 14:58:48 INFO  PerguntasERespostas:25 - #### PERGUNTAS IPERSON ####
2021-11-11 14:58:55 INFO  PerguntasERespostas:28 - PERGUNTA 1: null
2021-11-11 15:01:52 INFO  Principal:16 - ########## INICIO DO BACKEND ##########
2021-11-11 15:01:52 INFO  PerguntasERespostas:25 - #### PERGUNTAS IPERSON ####
2021-11-11 15:01:52 INFO  PerguntasERespostas:28 - PERGUNTA 1: null
2021-11-11 15:02:26 INFO  Principal:16 - ########## INICIO DO BACKEND ##########
2021-11-11 15:02:26 INFO  PerguntasERespostas:25 - #### PERGUNTAS IPERSON ####
2021-11-11 15:02:26 INFO  PerguntasERespostas:28 - PERGUNTA 1: null
2021-11-11 15:03:00 INFO  Principal:16 - ########## INICIO DO BACKEND ##########
2021-11-11 15:03:00 INFO  PerguntasERespostas:25 - #### PERGUNTAS IPERSON ####
2021-11-11 15:03:00 INFO  PerguntasERespostas:28 - PERGUNTA 1: null
2021-11-11 15:04:18 INFO  Principal:16 - ########## INICIO DO BACKEND ##########
2021-11-11 15:04:18 INFO  PerguntasERespostas:25 - #### PERGUNTAS IPERSON ####
2021-11-11 15:04:18 INFO  PerguntasERespostas:28 - PERGUNTA 1: null
2021-11-11 15:04:50 INFO  Principal:16 - ########## INICIO DO BACKEND ##########
2021-11-11 15:04:50 INFO  PerguntasERespostas:25 - #### PERGUNTAS IPERSON ####
2021-11-11 15:04:50 INFO  PerguntasERespostas:28 - PERGUNTA 1: null
2021-11-11 15:04:59 INFO  Principal:16 - ########## INICIO DO BACKEND ##########
2021-11-11 15:05:03 INFO  PerguntasERespostas:25 - #### PERGUNTAS IPERSON ####
2021-11-11 15:06:41 INFO  Principal:16 - ########## INICIO DO BACKEND ##########
2021-11-11 15:06:42 INFO  PerguntasERespostas:25 - #### PERGUNTAS IPERSON ####
2021-11-11 15:06:49 INFO  PerguntasERespostas:28 - PERGUNTA 1: null
2021-11-11 15:10:43 INFO  Principal:16 - ########## INICIO DO BACKEND ##########
2021-11-11 15:10:45 INFO  PerguntasERespostas:25 - #### PERGUNTAS IPERSON ####
2021-11-11 15:10:54 INFO  PerguntasERespostas:28 - PERGUNTA 1: Você se considera uma pessoa responsável com as suas tarefas do dia a dia?
2021-11-11 15:12:28 INFO  Principal:16 - ########## INICIO DO BACKEND ##########
2021-11-11 15:12:32 INFO  PerguntasERespostas:25 - #### PERGUNTAS IPERSON ####
2021-11-11 15:12:39 INFO  PerguntasERespostas:28 - PERGUNTA 1: null
2021-11-11 15:24:28 INFO  Principal:16 - ########## INICIO DO BACKEND ##########
2021-11-11 15:24:30 INFO  PerguntasERespostas:25 - #### PERGUNTAS IPERSON ####
2021-11-11 15:24:39 INFO  PerguntasERespostas:28 - PERGUNTA 1: Você se considera uma pessoa responsável com as suas tarefas do dia a dia?
2021-11-11 15:38:40 INFO  Principal:16 - ########## INICIO DO BACKEND ##########
2021-11-11 15:38:40 INFO  PerguntasERespostas:23 - #### PERGUNTAS IPERSON ####
2021-11-11 15:38:40 INFO  PerguntasERespostas:26 - PERGUNTA 1: Você se considera uma pessoa responsável com as suas tarefas do dia a dia?
2021-11-11 15:39:10 INFO  Principal:16 - ########## INICIO DO BACKEND ##########
2021-11-11 15:39:11 INFO  PerguntasERespostas:23 - #### PERGUNTAS IPERSON ####
2021-11-11 15:39:11 INFO  PerguntasERespostas:26 - PERGUNTA 1: Você se considera uma pessoa responsável com as suas tarefas do dia a dia?
2021-11-11 15:56:41 INFO  Principal:16 - ########## INICIO DO BACKEND ##########
2021-11-11 15:56:42 INFO  PerguntasERespostas:23 - #### PERGUNTAS IPERSON ####
2021-11-11 15:56:42 INFO  PerguntasERespostas:26 - PERGUNTA 1: Você se considera uma pessoa responsável com as suas tarefas do dia a dia?
2021-11-11 16:01:26 INFO  Principal:16 - ########## INICIO DO BACKEND ##########
2021-11-11 16:02:01 INFO  Principal:16 - ########## INICIO DO BACKEND ##########
2021-11-11 16:02:01 INFO  PerguntasERespostas:23 - #### PERGUNTAS IPERSON ####
2021-11-11 16:02:01 INFO  PerguntasERespostas:26 - PERGUNTA 1: Você se considera uma pessoa responsável com as suas tarefas do dia a dia?
2021-11-11 16:04:23 INFO  Principal:16 - ########## INICIO DO BACKEND ##########
2021-11-11 16:04:24 INFO  PerguntasERespostas:23 - #### PERGUNTAS IPERSON ####
2021-11-11 16:04:24 INFO  PerguntasERespostas:26 - PERGUNTA 1: Você se considera uma pessoa responsável com as suas tarefas do dia a dia?
2021-11-11 16:04:50 INFO  Principal:16 - ########## INICIO DO BACKEND ##########
2021-11-11 16:04:51 INFO  PerguntasERespostas:23 - #### PERGUNTAS IPERSON ####
2021-11-11 16:04:51 INFO  PerguntasERespostas:26 - PERGUNTA 1: Você se considera uma pessoa responsável com as suas tarefas do dia a dia?
2021-11-11 16:05:38 INFO  Principal:16 - ########## INICIO DO BACKEND ##########
2021-11-11 16:05:39 INFO  PerguntasERespostas:23 - #### PERGUNTAS IPERSON ####
2021-11-11 16:05:39 INFO  PerguntasERespostas:26 - PERGUNTA 1: Você se considera uma pessoa responsável com as suas tarefas do dia a dia?
2021-11-11 16:07:21 INFO  Principal:16 - ########## INICIO DO BACKEND ##########
2021-11-11 16:07:21 INFO  PerguntasERespostas:22 - #### PERGUNTAS IPERSON ####
2021-11-11 16:07:21 INFO  PerguntasERespostas:25 - PERGUNTA 1: Você se considera uma pessoa responsável com as suas tarefas do dia a dia?
2021-11-11 16:25:46 INFO  Principal:16 - ########## INICIO DO BACKEND ##########
2021-11-11 16:25:47 INFO  PerguntasERespostas:25 - #### PERGUNTAS IPERSON ####
2021-11-11 16:25:47 INFO  PerguntasERespostas:28 - PERGUNTA 1: Você se considera uma pessoa responsável com as suas tarefas do dia a dia?
2021-11-11 16:26:44 INFO  Principal:15 - ########## INICIO DO BACKEND ##########
2021-11-11 16:26:45 INFO  PerguntasERespostas:25 - #### PERGUNTAS IPERSON ####
2021-11-11 16:26:45 INFO  PerguntasERespostas:28 - PERGUNTA 1: Você se considera uma pessoa responsável com as suas tarefas do dia a dia?
2021-11-11 16:27:46 INFO  Principal:15 - ########## INICIO DO BACKEND ##########
2021-11-11 16:27:46 INFO  PerguntasERespostas:25 - #### PERGUNTAS IPERSON ####
2021-11-11 16:27:46 INFO  PerguntasERespostas:28 - PERGUNTA 1: Você se considera uma pessoa responsável com as suas tarefas do dia a dia?
2021-11-11 16:28:10 INFO  Principal:15 - ########## INICIO DO BACKEND ##########
2021-11-11 16:28:11 INFO  PerguntasERespostas:25 - #### PERGUNTAS IPERSON ####
2021-11-11 16:28:11 INFO  PerguntasERespostas:28 - PERGUNTA 1: Você se considera uma pessoa responsável com as suas tarefas do dia a dia?
2021-11-11 16:28:54 INFO  Principal:15 - ########## INICIO DO BACKEND ##########
2021-11-11 16:28:55 INFO  PerguntasERespostas:22 - #### PERGUNTAS IPERSON ####
2021-11-11 16:28:55 INFO  PerguntasERespostas:25 - PERGUNTA 1: Você se considera uma pessoa responsável com as suas tarefas do dia a dia?
2021-11-11 16:29:02 INFO  Principal:15 - ########## INICIO DO BACKEND ##########
2021-11-11 16:29:03 INFO  PerguntasERespostas:22 - #### PERGUNTAS IPERSON ####
2021-11-11 16:29:03 INFO  PerguntasERespostas:25 - PERGUNTA 1: Você se considera uma pessoa responsável com as suas tarefas do dia a dia?
2021-11-11 16:29:24 INFO  Principal:15 - ########## INICIO DO BACKEND ##########
2021-11-11 16:29:31 INFO  PerguntasERespostas:22 - #### PERGUNTAS IPERSON ####
2021-11-11 16:29:36 INFO  PerguntasERespostas:25 - PERGUNTA 1: Você se considera uma pessoa responsável com as suas tarefas do dia a dia?
2021-11-12 09:52:36 INFO  Principal:15 - ########## INICIO DO BACKEND ##########
2021-11-12 09:52:39 INFO  PerguntasERespostas:32 - #### PERGUNTAS IPERSON ####
2021-11-12 09:52:44 INFO  PerguntasERespostas:35 - PERGUNTA 1: Você se considera uma pessoa responsável com as suas tarefas do dia a dia?
2021-11-12 09:58:31 INFO  Principal:15 - ########## INICIO DO BACKEND ##########
2021-11-12 09:58:32 INFO  PerguntasERespostas:23 - #### PERGUNTAS IPERSON ####
2021-11-12 09:58:34 INFO  PerguntasERespostas:26 - PERGUNTA 1: Você se considera uma pessoa responsável com as suas tarefas do dia a dia?
2021-11-12 09:58:48 INFO  PerguntasERespostas:35 - PERGUNTA 2: Ter empatia com as outras pessoas é importante para você?
2021-11-12 10:31:01 INFO  Principal:15 - ########## INICIO DO BACKEND ##########
2021-11-12 10:31:02 INFO  PerguntasERespostas:30 - #### PERGUNTAS IPERSON ####
2021-11-12 10:31:03 INFO  PerguntasERespostas:33 - PERGUNTA 1: Você se considera uma pessoa responsável com as suas tarefas do dia a dia?
2021-11-12 10:33:40 INFO  Principal:15 - ########## INICIO DO BACKEND ##########
2021-11-12 10:33:40 INFO  PerguntasERespostas:30 - #### PERGUNTAS IPERSON ####
2021-11-12 10:33:40 INFO  PerguntasERespostas:33 - PERGUNTA 1: Você se considera uma pessoa responsável com as suas tarefas do dia a dia?
2021-11-12 10:35:24 INFO  PerguntasERespostas:44 - PERGUNTA 2: Ter empatia com as outras pessoas é importante para você?
2021-11-12 10:35:30 INFO  Principal:15 - ########## INICIO DO BACKEND ##########
2021-11-12 10:35:30 INFO  PerguntasERespostas:30 - #### PERGUNTAS IPERSON ####
2021-11-12 10:35:30 INFO  PerguntasERespostas:33 - PERGUNTA 1: Você se considera uma pessoa responsável com as suas tarefas do dia a dia?
2021-11-12 10:36:07 INFO  PerguntasERespostas:44 - PERGUNTA 2: Ter empatia com as outras pessoas é importante para você?
2021-11-12 10:36:13 INFO  Principal:15 - ########## INICIO DO BACKEND ##########
2021-11-12 10:36:13 INFO  PerguntasERespostas:30 - #### PERGUNTAS IPERSON ####
2021-11-12 10:36:13 INFO  PerguntasERespostas:33 - PERGUNTA 1: Você se considera uma pessoa responsável com as suas tarefas do dia a dia?
2021-11-12 10:43:25 INFO  Principal:15 - ########## INICIO DO BACKEND ##########
2021-11-12 10:43:25 INFO  PerguntasERespostas:30 - #### PERGUNTAS IPERSON ####
2021-11-12 10:43:25 INFO  PerguntasERespostas:33 - PERGUNTA 1: Você se considera uma pessoa responsável com as suas tarefas do dia a dia?
2021-11-12 10:43:28 INFO  PerguntasERespostas:42 - PERGUNTA 2: Ter empatia com as outras pessoas é importante para você?
2021-11-12 10:43:37 INFO  Principal:15 - ########## INICIO DO BACKEND ##########
2021-11-12 10:43:37 INFO  PerguntasERespostas:30 - #### PERGUNTAS IPERSON ####
2021-11-12 10:43:38 INFO  PerguntasERespostas:33 - PERGUNTA 1: Você se considera uma pessoa responsável com as suas tarefas do dia a dia?
2021-11-12 10:48:26 INFO  Principal:15 - ########## INICIO DO BACKEND ##########
2021-11-12 10:48:26 INFO  PerguntasERespostas:30 - #### PERGUNTAS IPERSON ####
2021-11-12 10:48:26 INFO  PerguntasERespostas:33 - PERGUNTA 1: Você se considera uma pessoa responsável com as suas tarefas do dia a dia?
2021-11-12 10:55:35 INFO  Principal:15 - ########## INICIO DO BACKEND ##########
2021-11-12 10:55:35 INFO  PerguntasERespostas:25 - #### PERGUNTAS IPERSON ####
2021-11-12 10:55:35 INFO  PerguntasERespostas:28 - PERGUNTA 1: Você se considera uma pessoa responsável com as suas tarefas do dia a dia?
2021-11-12 10:55:42 INFO  Principal:15 - ########## INICIO DO BACKEND ##########
2021-11-12 10:55:42 INFO  PerguntasERespostas:25 - #### PERGUNTAS IPERSON ####
2021-11-12 10:55:43 INFO  PerguntasERespostas:28 - PERGUNTA 1: Você se considera uma pessoa responsável com as suas tarefas do dia a dia?
2021-11-12 10:55:58 INFO  PerguntasERespostas:38 - PERGUNTA 2: Ter empatia com as outras pessoas é importante para você?
2021-11-12 10:57:00 INFO  Principal:15 - ########## INICIO DO BACKEND ##########
2021-11-12 10:57:00 INFO  PerguntasERespostas:25 - #### PERGUNTAS IPERSON ####
2021-11-12 10:57:01 INFO  PerguntasERespostas:28 - PERGUNTA 1: Você se considera uma pessoa responsável com as suas tarefas do dia a dia?
2021-11-12 11:04:06 INFO  Principal:15 - ########## INICIO DO BACKEND ##########
2021-11-12 11:04:06 INFO  PerguntasERespostas:24 - #### PERGUNTAS IPERSON ####
2021-11-12 11:04:07 INFO  PerguntasERespostas:27 - PERGUNTA 1: Você se considera uma pessoa responsável com as suas tarefas do dia a dia?
2021-11-12 11:04:19 INFO  PerguntasERespostas:37 - PERGUNTA 2: Ter empatia com as outras pessoas é importante para você?
2021-11-12 11:05:41 INFO  Principal:15 - ########## INICIO DO BACKEND ##########
2021-11-12 11:05:41 INFO  PerguntasERespostas:24 - #### PERGUNTAS IPERSON ####
2021-11-12 11:05:41 INFO  PerguntasERespostas:27 - PERGUNTA 1: Você se considera uma pessoa responsável com as suas tarefas do dia a dia?
2021-11-12 11:05:55 INFO  PerguntasERespostas:37 - PERGUNTA 2: Ter empatia com as outras pessoas é importante para você?
2021-11-12 11:12:53 INFO  Principal:15 - ########## INICIO DO BACKEND ##########
2021-11-12 11:12:53 INFO  PerguntasERespostas:24 - #### PERGUNTAS IPERSON ####
2021-11-12 11:12:54 INFO  PerguntasERespostas:27 - PERGUNTA 1: Você se considera uma pessoa responsável com as suas tarefas do dia a dia?
2021-11-12 11:13:09 INFO  PerguntasERespostas:37 - PERGUNTA 2: Ter empatia com as outras pessoas é importante para você?
2021-11-12 11:18:07 INFO  Principal:15 - ########## INICIO DO BACKEND ##########
2021-11-12 11:18:07 INFO  PerguntasERespostas:24 - #### PERGUNTAS IPERSON ####
2021-11-12 11:18:08 INFO  PerguntasERespostas:27 - PERGUNTA 1: Você se considera uma pessoa responsável com as suas tarefas do dia a dia?
2021-11-12 11:18:18 INFO  PerguntasERespostas:37 - PERGUNTA 2: Ter empatia com as outras pessoas é importante para você?
2021-11-12 11:25:52 INFO  Principal:15 - ########## INICIO DO BACKEND ##########
2021-11-12 11:25:52 INFO  PerguntasERespostas:24 - #### PERGUNTAS IPERSON ####
2021-11-12 11:25:52 INFO  PerguntasERespostas:27 - PERGUNTA 1: Você se considera uma pessoa responsável com as suas tarefas do dia a dia?
2021-11-12 11:25:58 INFO  Principal:15 - ########## INICIO DO BACKEND ##########
2021-11-12 11:25:58 INFO  PerguntasERespostas:24 - #### PERGUNTAS IPERSON ####
2021-11-12 11:25:59 INFO  PerguntasERespostas:27 - PERGUNTA 1: Você se considera uma pessoa responsável com as suas tarefas do dia a dia?
2021-11-12 11:26:09 INFO  PerguntasERespostas:37 - PERGUNTA 2: Ter empatia com as outras pessoas é importante para você?
2021-11-12 12:02:49 INFO  Principal:15 - ########## INICIO DO BACKEND ##########
2021-11-12 12:02:49 INFO  PerguntasERespostas:24 - #### PERGUNTAS IPERSON ####
2021-11-12 12:02:51 INFO  PerguntasERespostas:27 - PERGUNTA 1: Você se considera uma pessoa responsável com as suas tarefas do dia a dia?
2021-11-12 12:03:00 INFO  PerguntasERespostas:37 - PERGUNTA 2: Ter empatia com as outras pessoas é importante para você?
2021-11-12 12:03:05 INFO  RespostasLogistico:110 - 2
2021-11-12 12:03:58 INFO  Principal:15 - ########## INICIO DO BACKEND ##########
2021-11-12 12:03:59 INFO  PerguntasERespostas:24 - #### PERGUNTAS IPERSON ####
2021-11-12 12:03:59 INFO  PerguntasERespostas:27 - PERGUNTA 1: Você se considera uma pessoa responsável com as suas tarefas do dia a dia?
2021-11-12 12:04:17 INFO  PerguntasERespostas:37 - PERGUNTA 2: Ter empatia com as outras pessoas é importante para você?
2021-11-12 12:04:22 INFO  RespostasLogistico:110 - 2
2021-11-12 14:42:32 INFO  Principal:15 - ########## INICIO DO BACKEND ##########
2021-11-12 14:42:32 INFO  PerguntasERespostas:24 - #### PERGUNTAS IPERSON ####
2021-11-12 14:42:32 INFO  PerguntasERespostas:27 - PERGUNTA 1: Você se considera uma pessoa responsável com as suas tarefas do dia a dia?
2021-11-12 14:42:44 INFO  PerguntasERespostas:37 - PERGUNTA 2: Ter empatia com as outras pessoas é importante para você?
2021-11-12 14:42:47 INFO  RespostasLogistico:110 - 2
2021-11-12 14:49:47 INFO  Principal:15 - ########## INICIO DO BACKEND ##########
2021-11-12 14:49:48 INFO  PerguntasERespostas:24 - #### PERGUNTAS IPERSON ####
2021-11-12 14:49:48 INFO  PerguntasERespostas:27 - PERGUNTA 1: Você se considera uma pessoa responsável com as suas tarefas do dia a dia?
2021-11-12 14:49:57 INFO  PerguntasERespostas:37 - PERGUNTA 2: Ter empatia com as outras pessoas é importante para você?
2021-11-12 14:50:11 INFO  Principal:15 - ########## INICIO DO BACKEND ##########
2021-11-12 14:50:12 INFO  PerguntasERespostas:24 - #### PERGUNTAS IPERSON ####
2021-11-12 14:50:12 INFO  PerguntasERespostas:27 - PERGUNTA 1: Você se considera uma pessoa responsável com as suas tarefas do dia a dia?
2021-11-12 14:50:19 INFO  PerguntasERespostas:37 - PERGUNTA 2: Ter empatia com as outras pessoas é importante para você?
2021-11-12 14:56:12 INFO  PerguntasERespostas:25 - #### PERGUNTAS IPERSON ####
2021-11-12 14:56:12 INFO  PerguntasERespostas:28 - PERGUNTA 1: Você se considera uma pessoa responsável com as suas tarefas do dia a dia?
2021-11-12 14:56:24 INFO  Principal:15 - ########## INICIO DO BACKEND ##########
2021-11-12 14:56:24 INFO  PerguntasERespostas:25 - #### PERGUNTAS IPERSON ####
2021-11-12 14:56:24 INFO  PerguntasERespostas:28 - PERGUNTA 1: Você se considera uma pessoa responsável com as suas tarefas do dia a dia?
2021-11-12 14:56:26 INFO  PerguntasERespostas:38 - PERGUNTA 2: Ter empatia com as outras pessoas é importante para você?
2021-11-12 15:01:02 INFO  Principal:15 - ########## INICIO DO BACKEND ##########
2021-11-12 15:01:03 INFO  PerguntasERespostas:25 - #### PERGUNTAS IPERSON ####
2021-11-12 15:01:04 INFO  PerguntasERespostas:28 - PERGUNTA 1: Você se considera uma pessoa responsável com as suas tarefas do dia a dia?
2021-11-12 15:01:09 INFO  PerguntasERespostas:38 - PERGUNTA 2: Ter empatia com as outras pessoas é importante para você?
2021-11-12 15:02:20 INFO  Principal:15 - ########## INICIO DO BACKEND ##########
2021-11-12 15:02:21 INFO  PerguntasERespostas:25 - #### PERGUNTAS IPERSON ####
2021-11-12 15:02:29 INFO  PerguntasERespostas:28 - PERGUNTA 1: Você se considera uma pessoa responsável com as suas tarefas do dia a dia?
2021-11-12 15:02:34 INFO  PerguntasERespostas:38 - PERGUNTA 2: Ter empatia com as outras pessoas é importante para você?
2021-11-12 15:07:26 INFO  Principal:15 - ########## INICIO DO BACKEND ##########
2021-11-12 15:07:26 INFO  PerguntasERespostas:25 - #### PERGUNTAS IPERSON ####
2021-11-12 15:07:26 INFO  PerguntasERespostas:28 - PERGUNTA 1: Você se considera uma pessoa responsável com as suas tarefas do dia a dia?
2021-11-12 15:07:28 INFO  PerguntasERespostas:38 - PERGUNTA 2: Ter empatia com as outras pessoas é importante para você?
2021-11-12 15:07:41 INFO  Principal:15 - ########## INICIO DO BACKEND ##########
2021-11-12 15:07:41 INFO  PerguntasERespostas:25 - #### PERGUNTAS IPERSON ####
2021-11-12 15:07:41 INFO  PerguntasERespostas:28 - PERGUNTA 1: Você se considera uma pessoa responsável com as suas tarefas do dia a dia?
2021-11-12 15:07:50 INFO  Principal:15 - ########## INICIO DO BACKEND ##########
2021-11-12 15:07:50 INFO  PerguntasERespostas:25 - #### PERGUNTAS IPERSON ####
2021-11-12 15:07:50 INFO  PerguntasERespostas:28 - PERGUNTA 1: Você se considera uma pessoa responsável com as suas tarefas do dia a dia?
2021-11-12 15:07:54 INFO  Principal:15 - ########## INICIO DO BACKEND ##########
2021-11-12 15:07:54 INFO  PerguntasERespostas:25 - #### PERGUNTAS IPERSON ####
2021-11-12 15:07:54 INFO  PerguntasERespostas:28 - PERGUNTA 1: Você se considera uma pessoa responsável com as suas tarefas do dia a dia?
2021-11-12 15:07:58 INFO  PerguntasERespostas:38 - PERGUNTA 2: Ter empatia com as outras pessoas é importante para você?
2021-11-12 15:30:14 INFO  Principal:15 - ########## INICIO DO BACKEND ##########
2021-11-12 15:30:14 INFO  PerguntasERespostas:23 - #### PERGUNTAS IPERSON ####
2021-11-12 15:30:14 INFO  PerguntasERespostas:26 - PERGUNTA 1: Você se considera uma pessoa responsável com as suas tarefas do dia a dia?
2021-11-12 15:30:18 INFO  PerguntasERespostas:32 - 3
2021-11-12 15:30:18 INFO  PerguntasERespostas:36 - PERGUNTA 2: Ter empatia com as outras pessoas é importante para você?
2021-11-12 15:30:21 INFO  PerguntasERespostas:42 - 2
2021-11-12 15:41:15 INFO  Principal:15 - ########## INICIO DO BACKEND ##########
2021-11-12 15:41:15 INFO  PerguntasERespostas:23 - #### PERGUNTAS IPERSON ####
2021-11-12 15:41:15 INFO  PerguntasERespostas:26 - PERGUNTA 1: Você se considera uma pessoa responsável com as suas tarefas do dia a dia?
2021-11-12 15:41:18 INFO  PerguntasERespostas:35 - PERGUNTA 2: Ter empatia com as outras pessoas é importante para você?
2021-11-12 15:41:22 INFO  Principal:15 - ########## INICIO DO BACKEND ##########
2021-11-12 15:41:22 INFO  PerguntasERespostas:23 - #### PERGUNTAS IPERSON ####
2021-11-12 15:41:22 INFO  PerguntasERespostas:26 - PERGUNTA 1: Você se considera uma pessoa responsável com as suas tarefas do dia a dia?
2021-11-12 15:41:25 INFO  PerguntasERespostas:35 - PERGUNTA 2: Ter empatia com as outras pessoas é importante para você?
2021-11-12 15:42:02 INFO  Principal:15 - ########## INICIO DO BACKEND ##########
2021-11-12 15:42:02 INFO  PerguntasERespostas:23 - #### PERGUNTAS IPERSON ####
2021-11-12 15:42:02 INFO  PerguntasERespostas:26 - PERGUNTA 1: Você se considera uma pessoa responsável com as suas tarefas do dia a dia?
2021-11-12 15:42:26 INFO  PerguntasERespostas:35 - PERGUNTA 2: Ter empatia com as outras pessoas é importante para você?
2021-11-12 15:43:17 INFO  Principal:15 - ########## INICIO DO BACKEND ##########
2021-11-12 15:43:17 INFO  PerguntasERespostas:24 - #### PERGUNTAS IPERSON ####
2021-11-12 15:43:17 INFO  PerguntasERespostas:27 - PERGUNTA 1: Você se considera uma pessoa responsável com as suas tarefas do dia a dia?
2021-11-12 15:43:34 INFO  PerguntasERespostas:36 - PERGUNTA 2: Ter empatia com as outras pessoas é importante para você?
2021-11-12 15:46:10 INFO  Principal:15 - ########## INICIO DO BACKEND ##########
2021-11-12 15:46:10 INFO  PerguntasERespostas:24 - #### PERGUNTAS IPERSON ####
2021-11-12 15:46:10 INFO  PerguntasERespostas:27 - PERGUNTA 1: Você se considera uma pessoa responsável com as suas tarefas do dia a dia?
2021-11-12 15:46:35 INFO  PerguntasERespostas:36 - PERGUNTA 2: Ter empatia com as outras pessoas é importante para você?
2021-11-12 15:47:46 INFO  Principal:15 - ########## INICIO DO BACKEND ##########
2021-11-12 15:47:46 INFO  PerguntasERespostas:24 - #### PERGUNTAS IPERSON ####
2021-11-12 15:47:46 INFO  PerguntasERespostas:27 - PERGUNTA 1: Você se considera uma pessoa responsável com as suas tarefas do dia a dia?
2021-11-12 15:47:49 INFO  PerguntasERespostas:36 - PERGUNTA 2: Ter empatia com as outras pessoas é importante para você?
2021-11-12 15:48:09 INFO  Principal:15 - ########## INICIO DO BACKEND ##########
2021-11-12 15:48:09 INFO  PerguntasERespostas:24 - #### PERGUNTAS IPERSON ####
2021-11-12 15:48:09 INFO  PerguntasERespostas:27 - PERGUNTA 1: Você se considera uma pessoa responsável com as suas tarefas do dia a dia?
2021-11-12 15:50:41 INFO  PerguntasERespostas:24 - #### PERGUNTAS IPERSON ####
2021-11-12 15:50:43 INFO  PerguntasERespostas:27 - PERGUNTA 1: Você se considera uma pessoa responsável com as suas tarefas do dia a dia?
2021-11-12 15:51:05 INFO  PerguntasERespostas:37 - PERGUNTA 2: Ter empatia com as outras pessoas é importante para você?
2021-11-12 15:51:27 INFO  Principal:15 - ########## INICIO DO BACKEND ##########
2021-11-12 15:51:27 INFO  PerguntasERespostas:24 - #### PERGUNTAS IPERSON ####
2021-11-12 15:51:27 INFO  PerguntasERespostas:27 - PERGUNTA 1: Você se considera uma pessoa responsável com as suas tarefas do dia a dia?
2021-11-12 15:51:29 INFO  PerguntasERespostas:37 - PERGUNTA 2: Ter empatia com as outras pessoas é importante para você?
2021-11-12 16:00:19 INFO  Principal:15 - ########## INICIO DO BACKEND ##########
2021-11-12 16:00:20 INFO  PerguntasERespostas:24 - #### PERGUNTAS IPERSON ####
2021-11-12 16:00:20 INFO  PerguntasERespostas:27 - PERGUNTA 1: Você se considera uma pessoa responsável com as suas tarefas do dia a dia?
2021-11-12 16:00:21 INFO  PerguntasERespostas:36 - PERGUNTA 2: Ter empatia com as outras pessoas é importante para você?
2021-11-12 16:00:40 INFO  Principal:15 - ########## INICIO DO BACKEND ##########
2021-11-12 16:00:40 INFO  PerguntasERespostas:24 - #### PERGUNTAS IPERSON ####
2021-11-12 16:00:40 INFO  PerguntasERespostas:27 - PERGUNTA 1: Você se considera uma pessoa responsável com as suas tarefas do dia a dia?
2021-11-12 16:03:27 INFO  Principal:15 - ########## INICIO DO BACKEND ##########
2021-11-12 16:03:27 INFO  PerguntasERespostas:24 - #### PERGUNTAS IPERSON ####
2021-11-12 16:03:27 INFO  PerguntasERespostas:27 - PERGUNTA 1: Você se considera uma pessoa responsável com as suas tarefas do dia a dia?
2021-11-12 16:03:29 INFO  PerguntasERespostas:36 - PERGUNTA 2: Ter empatia com as outras pessoas é importante para você?
2021-11-12 16:03:32 INFO  Principal:15 - ########## INICIO DO BACKEND ##########
2021-11-12 16:03:32 INFO  PerguntasERespostas:24 - #### PERGUNTAS IPERSON ####
2021-11-12 16:03:32 INFO  PerguntasERespostas:27 - PERGUNTA 1: Você se considera uma pessoa responsável com as suas tarefas do dia a dia?
2021-11-12 16:03:40 INFO  Principal:15 - ########## INICIO DO BACKEND ##########
2021-11-12 16:03:40 INFO  PerguntasERespostas:24 - #### PERGUNTAS IPERSON ####
2021-11-12 16:03:40 INFO  PerguntasERespostas:27 - PERGUNTA 1: Você se considera uma pessoa responsável com as suas tarefas do dia a dia?
2021-11-12 16:03:52 INFO  Principal:15 - ########## INICIO DO BACKEND ##########
2021-11-12 16:03:53 INFO  PerguntasERespostas:24 - #### PERGUNTAS IPERSON ####
2021-11-12 16:03:53 INFO  PerguntasERespostas:27 - PERGUNTA 1: Você se considera uma pessoa responsável com as suas tarefas do dia a dia?
2021-11-12 16:04:58 INFO  Principal:15 - ########## INICIO DO BACKEND ##########
2021-11-12 16:05:00 INFO  PerguntasERespostas:24 - #### PERGUNTAS IPERSON ####
2021-11-12 16:05:00 INFO  PerguntasERespostas:27 - PERGUNTA 1: Você se considera uma pessoa responsável com as suas tarefas do dia a dia?
2021-11-12 16:05:13 INFO  PerguntasERespostas:36 - PERGUNTA 2: Ter empatia com as outras pessoas é importante para você?
2021-11-12 16:06:04 INFO  Principal:15 - ########## INICIO DO BACKEND ##########
2021-11-12 16:06:04 INFO  PerguntasERespostas:24 - #### PERGUNTAS IPERSON ####
2021-11-12 16:06:05 INFO  PerguntasERespostas:27 - PERGUNTA 1: Você se considera uma pessoa responsável com as suas tarefas do dia a dia?
2021-11-12 16:06:29 INFO  PerguntasERespostas:36 - PERGUNTA 2: Ter empatia com as outras pessoas é importante para você?
2021-11-12 16:06:57 INFO  Principal:15 - ########## INICIO DO BACKEND ##########
2021-11-12 16:06:57 INFO  PerguntasERespostas:24 - #### PERGUNTAS IPERSON ####
2021-11-12 16:06:57 INFO  PerguntasERespostas:27 - PERGUNTA 1: Você se considera uma pessoa responsável com as suas tarefas do dia a dia?
2021-11-12 16:07:01 INFO  PerguntasERespostas:36 - PERGUNTA 2: Ter empatia com as outras pessoas é importante para você?
2021-11-12 16:07:06 INFO  Principal:15 - ########## INICIO DO BACKEND ##########
2021-11-12 16:07:06 INFO  PerguntasERespostas:24 - #### PERGUNTAS IPERSON ####
2021-11-12 16:07:06 INFO  PerguntasERespostas:27 - PERGUNTA 1: Você se considera uma pessoa responsável com as suas tarefas do dia a dia?
2021-11-12 16:07:12 INFO  Principal:15 - ########## INICIO DO BACKEND ##########
2021-11-12 16:07:13 INFO  PerguntasERespostas:24 - #### PERGUNTAS IPERSON ####
2021-11-12 16:07:13 INFO  PerguntasERespostas:27 - PERGUNTA 1: Você se considera uma pessoa responsável com as suas tarefas do dia a dia?
2021-11-12 16:07:17 INFO  PerguntasERespostas:36 - PERGUNTA 2: Ter empatia com as outras pessoas é importante para você?
2021-11-12 16:10:07 INFO  Principal:15 - ########## INICIO DO BACKEND ##########
2021-11-12 16:10:07 INFO  PerguntasERespostas:24 - #### PERGUNTAS IPERSON ####
2021-11-12 16:10:07 INFO  PerguntasERespostas:27 - PERGUNTA 1: Você se considera uma pessoa responsável com as suas tarefas do dia a dia?
2021-11-12 16:10:14 INFO  Principal:15 - ########## INICIO DO BACKEND ##########
2021-11-12 16:10:16 INFO  PerguntasERespostas:24 - #### PERGUNTAS IPERSON ####
2021-11-12 16:10:17 INFO  PerguntasERespostas:27 - PERGUNTA 1: Você se considera uma pessoa responsável com as suas tarefas do dia a dia?
2021-11-12 16:10:33 INFO  PerguntasERespostas:36 - PERGUNTA 2: Ter empatia com as outras pessoas é importante para você?
2021-11-12 16:17:34 INFO  Principal:15 - ########## INICIO DO BACKEND ##########
2021-11-12 16:17:36 INFO  PerguntasERespostas:25 - #### PERGUNTAS IPERSON ####
2021-11-12 16:17:36 INFO  PerguntasERespostas:28 - PERGUNTA 1: Você se considera uma pessoa responsável com as suas tarefas do dia a dia?
2021-11-12 16:17:54 INFO  Principal:15 - ########## INICIO DO BACKEND ##########
2021-11-12 16:17:54 INFO  PerguntasERespostas:25 - #### PERGUNTAS IPERSON ####
2021-11-12 16:17:54 INFO  PerguntasERespostas:28 - PERGUNTA 1: Você se considera uma pessoa responsável com as suas tarefas do dia a dia?
2021-11-12 16:17:59 INFO  Principal:15 - ########## INICIO DO BACKEND ##########
2021-11-12 16:17:59 INFO  PerguntasERespostas:25 - #### PERGUNTAS IPERSON ####
2021-11-12 16:17:59 INFO  PerguntasERespostas:28 - PERGUNTA 1: Você se considera uma pessoa responsável com as suas tarefas do dia a dia?
2021-11-12 16:18:04 INFO  Principal:15 - ########## INICIO DO BACKEND ##########
2021-11-12 16:18:04 INFO  PerguntasERespostas:25 - #### PERGUNTAS IPERSON ####
2021-11-12 16:18:04 INFO  PerguntasERespostas:28 - PERGUNTA 1: Você se considera uma pessoa responsável com as suas tarefas do dia a dia?
2021-11-12 16:28:45 INFO  Principal:15 - ########## INICIO DO BACKEND ##########
2021-11-12 16:28:45 INFO  PerguntasERespostas:25 - #### PERGUNTAS IPERSON ####
2021-11-12 16:28:45 INFO  PerguntasERespostas:28 - PERGUNTA 1: Você se considera uma pessoa responsável com as suas tarefas do dia a dia?
2021-11-12 16:29:38 INFO  Principal:15 - ########## INICIO DO BACKEND ##########
2021-11-12 16:29:38 INFO  PerguntasERespostas:24 - #### PERGUNTAS IPERSON ####
2021-11-12 16:29:38 INFO  PerguntasERespostas:29 - PERGUNTA 1: Você se considera uma pessoa responsável com as suas tarefas do dia a dia?
2021-11-12 16:29:46 INFO  Principal:15 - ########## INICIO DO BACKEND ##########
2021-11-12 16:29:46 INFO  PerguntasERespostas:24 - #### PERGUNTAS IPERSON ####
2021-11-12 16:29:46 INFO  PerguntasERespostas:29 - PERGUNTA 1: Você se considera uma pessoa responsável com as suas tarefas do dia a dia?
2021-11-12 16:31:19 INFO  Principal:15 - ########## INICIO DO BACKEND ##########
2021-11-12 16:31:19 INFO  PerguntasERespostas:24 - #### PERGUNTAS IPERSON ####
2021-11-12 16:31:19 INFO  PerguntasERespostas:28 - PERGUNTA 1: Você se considera uma pessoa responsável com as suas tarefas do dia a dia?
2021-11-12 16:32:08 INFO  Principal:15 - ########## INICIO DO BACKEND ##########
2021-11-12 16:32:09 INFO  PerguntasERespostas:27 - #### PERGUNTAS IPERSON ####
2021-11-12 16:32:09 INFO  PerguntasERespostas:31 - PERGUNTA 1: Você se considera uma pessoa responsável com as suas tarefas do dia a dia?
2021-11-12 16:32:31 INFO  Principal:15 - ########## INICIO DO BACKEND ##########
2021-11-12 16:32:31 INFO  PerguntasERespostas:27 - #### PERGUNTAS IPERSON ####
2021-11-12 16:32:31 INFO  PerguntasERespostas:31 - PERGUNTA 1: Você se considera uma pessoa responsável com as suas tarefas do dia a dia?
2021-11-12 16:50:56 INFO  Principal:15 - ########## INICIO DO BACKEND ##########
2021-11-12 16:50:56 INFO  PerguntasERespostas:29 - #### PERGUNTAS IPERSON ####
2021-11-12 16:50:56 INFO  PerguntasERespostas:33 - PERGUNTA 1: Você se considera uma pessoa responsável com as suas tarefas do dia a dia?
2021-11-12 16:50:58 INFO  PerguntasERespostas:43 - PERGUNTA 2: Ter empatia com as outras pessoas é importante para você?
2021-11-12 16:51:05 INFO  Principal:15 - ########## INICIO DO BACKEND ##########
2021-11-12 16:51:05 INFO  PerguntasERespostas:29 - #### PERGUNTAS IPERSON ####
2021-11-12 16:51:05 INFO  PerguntasERespostas:33 - PERGUNTA 1: Você se considera uma pessoa responsável com as suas tarefas do dia a dia?
2021-11-12 16:52:44 INFO  Principal:15 - ########## INICIO DO BACKEND ##########
2021-11-12 16:52:44 INFO  PerguntasERespostas:29 - #### PERGUNTAS IPERSON ####
2021-11-12 16:52:44 INFO  PerguntasERespostas:33 - PERGUNTA 1: Você se considera uma pessoa responsável com as suas tarefas do dia a dia?
2021-11-12 16:53:09 INFO  Principal:15 - ########## INICIO DO BACKEND ##########
2021-11-12 16:53:09 INFO  PerguntasERespostas:29 - #### PERGUNTAS IPERSON ####
2021-11-12 16:53:09 INFO  PerguntasERespostas:33 - PERGUNTA 1: Você se considera uma pessoa responsável com as suas tarefas do dia a dia?
2021-11-12 16:54:03 INFO  Principal:15 - ########## INICIO DO BACKEND ##########
2021-11-12 16:54:03 INFO  PerguntasERespostas:29 - #### PERGUNTAS IPERSON ####
2021-11-12 16:54:03 INFO  PerguntasERespostas:33 - PERGUNTA 1: Você se considera uma pessoa responsável com as suas tarefas do dia a dia?
2021-11-12 16:54:05 INFO  PerguntasERespostas:43 - PERGUNTA 2: Ter empatia com as outras pessoas é importante para você?
2021-11-12 16:54:16 INFO  Principal:15 - ########## INICIO DO BACKEND ##########
2021-11-12 16:54:16 INFO  PerguntasERespostas:29 - #### PERGUNTAS IPERSON ####
2021-11-12 16:54:16 INFO  PerguntasERespostas:33 - PERGUNTA 1: Você se considera uma pessoa responsável com as suas tarefas do dia a dia?
2021-11-12 16:54:36 INFO  Principal:15 - ########## INICIO DO BACKEND ##########
2021-11-12 16:54:36 INFO  PerguntasERespostas:29 - #### PERGUNTAS IPERSON ####
2021-11-12 16:54:36 INFO  PerguntasERespostas:33 - PERGUNTA 1: Você se considera uma pessoa responsável com as suas tarefas do dia a dia?
2021-11-16 13:57:15 INFO  Principal:15 - ########## INICIO DO BACKEND ##########
2021-11-16 13:57:21 INFO  PerguntasERespostas:53 - #### PERGUNTAS IPERSON ####
2021-11-16 13:57:23 INFO  PerguntasERespostas:56 - PERGUNTA 1: Você se considera uma pessoa responsável com as suas tarefas do dia a dia?
2021-11-16 13:58:17 INFO  Principal:15 - ########## INICIO DO BACKEND ##########
2021-11-16 13:58:18 INFO  PerguntasERespostas:53 - #### PERGUNTAS IPERSON ####
2021-11-16 13:58:19 INFO  PerguntasERespostas:56 - PERGUNTA 1: Você se considera uma pessoa responsável com as suas tarefas do dia a dia?
2021-11-16 13:58:24 INFO  PerguntasERespostas:62 - 0
2021-11-16 13:58:40 INFO  Principal:15 - ########## INICIO DO BACKEND ##########
2021-11-16 13:58:40 INFO  PerguntasERespostas:53 - #### PERGUNTAS IPERSON ####
2021-11-16 13:58:40 INFO  PerguntasERespostas:56 - PERGUNTA 1: Você se considera uma pessoa responsável com as suas tarefas do dia a dia?
2021-11-16 13:58:47 INFO  Principal:15 - ########## INICIO DO BACKEND ##########
2021-11-16 13:58:47 INFO  PerguntasERespostas:53 - #### PERGUNTAS IPERSON ####
2021-11-16 13:58:47 INFO  PerguntasERespostas:56 - PERGUNTA 1: Você se considera uma pessoa responsável com as suas tarefas do dia a dia?
2021-11-16 13:59:24 INFO  PerguntasERespostas:62 - 0
2021-11-16 14:01:04 INFO  Principal:15 - ########## INICIO DO BACKEND ##########
2021-11-16 14:01:04 INFO  PerguntasERespostas:53 - #### PERGUNTAS IPERSON ####
2021-11-16 14:01:04 INFO  PerguntasERespostas:56 - PERGUNTA 1: Você se considera uma pessoa responsável com as suas tarefas do dia a dia?
2021-11-16 14:01:11 INFO  PerguntasERespostas:53 - #### PERGUNTAS IPERSON ####
2021-11-16 14:01:11 INFO  PerguntasERespostas:56 - PERGUNTA 1: Você se considera uma pessoa responsável com as suas tarefas do dia a dia?
2021-11-16 14:01:51 INFO  PerguntasERespostas:62 - 0
2021-11-16 14:04:03 INFO  Principal:15 - ########## INICIO DO BACKEND ##########
2021-11-16 14:04:03 INFO  PerguntasERespostas:53 - #### PERGUNTAS IPERSON ####
2021-11-16 14:04:03 INFO  PerguntasERespostas:56 - PERGUNTA 1: Você se considera uma pessoa responsável com as suas tarefas do dia a dia?
2021-11-16 14:04:07 INFO  PerguntasERespostas:53 - #### PERGUNTAS IPERSON ####
2021-11-16 14:04:09 INFO  PerguntasERespostas:56 - PERGUNTA 1: Você se considera uma pessoa responsável com as suas tarefas do dia a dia?
2021-11-16 14:04:41 INFO  PerguntasERespostas:62 - 0
2021-11-16 14:06:03 INFO  Principal:15 - ########## INICIO DO BACKEND ##########
2021-11-16 14:06:03 INFO  PerguntasERespostas:53 - #### PERGUNTAS IPERSON ####
2021-11-16 14:06:03 INFO  PerguntasERespostas:56 - PERGUNTA 1: Você se considera uma pessoa responsável com as suas tarefas do dia a dia?
2021-11-16 14:06:07 INFO  PerguntasERespostas:62 - 0
2021-11-16 14:06:07 INFO  PerguntasERespostas:66 - PERGUNTA 2: Ter empatia com as outras pessoas é importante para você?
2021-11-16 14:11:26 INFO  Principal:15 - ########## INICIO DO BACKEND ##########
2021-11-16 14:11:26 INFO  PerguntasERespostas:64 - #### PERGUNTAS IPERSON ####
2021-11-16 14:11:26 INFO  PerguntasERespostas:67 - PERGUNTA 1: Você se considera uma pessoa responsável com as suas tarefas do dia a dia?
2021-11-16 14:11:30 INFO  PerguntasERespostas:75 - 0
2021-11-16 14:11:30 INFO  PerguntasERespostas:79 - PERGUNTA 2: Ter empatia com as outras pessoas é importante para você?
2021-11-16 14:12:02 INFO  Principal:15 - ########## INICIO DO BACKEND ##########
2021-11-16 14:12:02 INFO  PerguntasERespostas:64 - #### PERGUNTAS IPERSON ####
2021-11-16 14:12:02 INFO  PerguntasERespostas:67 - PERGUNTA 1: Você se considera uma pessoa responsável com as suas tarefas do dia a dia?
2021-11-16 14:12:05 INFO  PerguntasERespostas:53 - #### PERGUNTAS IPERSON ####
2021-11-16 14:12:05 INFO  PerguntasERespostas:56 - PERGUNTA 1: Você se considera uma pessoa responsável com as suas tarefas do dia a dia?
2021-11-16 14:12:08 INFO  PerguntasERespostas:62 - 0
2021-11-16 14:12:08 INFO  PerguntasERespostas:66 - PERGUNTA 2: Ter empatia com as outras pessoas é importante para você?
2021-11-16 14:12:19 INFO  Principal:15 - ########## INICIO DO BACKEND ##########
2021-11-16 14:12:19 INFO  PerguntasERespostas:64 - #### PERGUNTAS IPERSON ####
2021-11-16 14:12:19 INFO  PerguntasERespostas:67 - PERGUNTA 1: Você se considera uma pessoa responsável com as suas tarefas do dia a dia?
2021-11-16 14:13:32 INFO  Principal:15 - ########## INICIO DO BACKEND ##########
2021-11-16 14:13:32 INFO  PerguntasERespostas:60 - #### PERGUNTAS IPERSON ####
2021-11-16 14:13:32 INFO  PerguntasERespostas:63 - PERGUNTA 1: Você se considera uma pessoa responsável com as suas tarefas do dia a dia?
2021-11-16 14:13:40 INFO  Principal:15 - ########## INICIO DO BACKEND ##########
2021-11-16 14:13:40 INFO  PerguntasERespostas:60 - #### PERGUNTAS IPERSON ####
2021-11-16 14:13:40 INFO  PerguntasERespostas:63 - PERGUNTA 1: Você se considera uma pessoa responsável com as suas tarefas do dia a dia?
2021-11-16 14:14:37 INFO  PerguntasERespostas:71 - 0
2021-11-16 14:15:03 INFO  Principal:15 - ########## INICIO DO BACKEND ##########
2021-11-16 14:15:03 INFO  PerguntasERespostas:60 - #### PERGUNTAS IPERSON ####
2021-11-16 14:15:03 INFO  PerguntasERespostas:63 - PERGUNTA 1: Você se considera uma pessoa responsável com as suas tarefas do dia a dia?
2021-11-16 14:15:23 INFO  PerguntasERespostas:71 - 0
2021-11-16 14:25:38 INFO  Principal:15 - ########## INICIO DO BACKEND ##########
2021-11-16 14:25:38 INFO  PerguntasERespostas:60 - #### PERGUNTAS IPERSON ####
2021-11-16 14:25:38 INFO  PerguntasERespostas:63 - PERGUNTA 1: Você se considera uma pessoa responsável com as suas tarefas do dia a dia?
2021-11-16 14:26:14 INFO  Principal:15 - ########## INICIO DO BACKEND ##########
2021-11-16 14:26:14 INFO  PerguntasERespostas:60 - #### PERGUNTAS IPERSON ####
2021-11-16 14:26:14 INFO  PerguntasERespostas:63 - PERGUNTA 1: Você se considera uma pessoa responsável com as suas tarefas do dia a dia?
2021-11-16 14:27:54 INFO  PerguntasERespostas:71 - 0
2021-11-16 14:27:56 INFO  PerguntasERespostas:75 - PERGUNTA 2: Ter empatia com as outras pessoas é importante para você?
2021-11-16 14:51:40 INFO  Principal:15 - ########## INICIO DO BACKEND ##########
2021-11-16 14:51:40 INFO  PerguntasERespostas:60 - #### PERGUNTAS IPERSON ####
2021-11-16 14:51:40 INFO  PerguntasERespostas:63 - PERGUNTA 1: Você se considera uma pessoa responsável com as suas tarefas do dia a dia?
2021-11-16 14:51:51 INFO  Principal:15 - ########## INICIO DO BACKEND ##########
2021-11-16 14:51:51 INFO  PerguntasERespostas:60 - #### PERGUNTAS IPERSON ####
2021-11-16 14:51:51 INFO  PerguntasERespostas:63 - PERGUNTA 1: Você se considera uma pessoa responsável com as suas tarefas do dia a dia?
2021-11-16 14:52:26 INFO  PerguntasERespostas:71 - 0
2021-11-16 14:52:46 INFO  Principal:15 - ########## INICIO DO BACKEND ##########
2021-11-16 14:52:46 INFO  PerguntasERespostas:60 - #### PERGUNTAS IPERSON ####
2021-11-16 14:52:46 INFO  PerguntasERespostas:63 - PERGUNTA 1: Você se considera uma pessoa responsável com as suas tarefas do dia a dia?
2021-11-16 15:27:13 INFO  Principal:15 - ########## INICIO DO BACKEND ##########
2021-11-16 15:27:13 INFO  PerguntasERespostas:60 - #### PERGUNTAS IPERSON ####
2021-11-16 15:27:13 INFO  PerguntasERespostas:63 - PERGUNTA 1: Você se considera uma pessoa responsável com as suas tarefas do dia a dia?
2021-11-16 15:27:15 INFO  PerguntasERespostas:71 - 0
2021-11-16 15:27:16 INFO  PerguntasERespostas:75 - PERGUNTA 2: Ter empatia com as outras pessoas é importante para você?
2021-11-16 15:27:22 INFO  Principal:15 - ########## INICIO DO BACKEND ##########
2021-11-16 15:27:22 INFO  PerguntasERespostas:60 - #### PERGUNTAS IPERSON ####
2021-11-16 15:27:22 INFO  PerguntasERespostas:63 - PERGUNTA 1: Você se considera uma pessoa responsável com as suas tarefas do dia a dia?
2021-11-16 15:28:24 INFO  PerguntasERespostas:71 - 0
2021-11-16 15:31:00 INFO  Principal:15 - ########## INICIO DO BACKEND ##########
2021-11-16 15:31:00 INFO  PerguntasERespostas:60 - #### PERGUNTAS IPERSON ####
2021-11-16 15:31:00 INFO  PerguntasERespostas:63 - PERGUNTA 1: Você se considera uma pessoa responsável com as suas tarefas do dia a dia?
2021-11-16 15:31:02 INFO  PerguntasERespostas:75 - PERGUNTA 2: Ter empatia com as outras pessoas é importante para você?
2021-11-16 15:31:07 INFO  Principal:15 - ########## INICIO DO BACKEND ##########
2021-11-16 15:31:07 INFO  PerguntasERespostas:60 - #### PERGUNTAS IPERSON ####
2021-11-16 15:31:07 INFO  PerguntasERespostas:63 - PERGUNTA 1: Você se considera uma pessoa responsável com as suas tarefas do dia a dia?
2021-11-16 15:31:27 INFO  PerguntasERespostas:71 - 0
2021-11-16 15:52:04 INFO  Principal:15 - ########## INICIO DO BACKEND ##########
2021-11-16 15:52:04 INFO  PerguntasERespostas:60 - #### PERGUNTAS IPERSON ####
2021-11-16 15:52:04 INFO  PerguntasERespostas:63 - PERGUNTA 1: Você se considera uma pessoa responsável com as suas tarefas do dia a dia?
2021-11-16 15:52:06 INFO  PerguntasERespostas:75 - PERGUNTA 2: Ter empatia com as outras pessoas é importante para você?
2021-11-16 15:52:11 INFO  Principal:15 - ########## INICIO DO BACKEND ##########
2021-11-16 15:52:11 INFO  PerguntasERespostas:60 - #### PERGUNTAS IPERSON ####
2021-11-16 15:52:11 INFO  PerguntasERespostas:63 - PERGUNTA 1: Você se considera uma pessoa responsável com as suas tarefas do dia a dia?
2021-11-16 15:59:38 INFO  Principal:15 - ########## INICIO DO BACKEND ##########
2021-11-16 15:59:38 INFO  PerguntasERespostas:60 - #### PERGUNTAS IPERSON ####
2021-11-16 15:59:38 INFO  PerguntasERespostas:63 - PERGUNTA 1: Você se considera uma pessoa responsável com as suas tarefas do dia a dia?
2021-11-16 15:59:45 INFO  PerguntasERespostas:71 - 0
2021-11-16 15:59:50 INFO  Principal:15 - ########## INICIO DO BACKEND ##########
2021-11-16 15:59:50 INFO  PerguntasERespostas:60 - #### PERGUNTAS IPERSON ####
2021-11-16 15:59:50 INFO  PerguntasERespostas:63 - PERGUNTA 1: Você se considera uma pessoa responsável com as suas tarefas do dia a dia?
2021-11-16 16:00:20 INFO  PerguntasERespostas:71 - 0
2021-11-16 16:13:19 INFO  Principal:15 - ########## INICIO DO BACKEND ##########
2021-11-16 16:13:19 INFO  PerguntasERespostas:60 - #### PERGUNTAS IPERSON ####
2021-11-16 16:13:19 INFO  PerguntasERespostas:63 - PERGUNTA 1: Você se considera uma pessoa responsável com as suas tarefas do dia a dia?
2021-11-16 16:13:22 INFO  PerguntasERespostas:71 - 0
2021-11-16 16:13:22 INFO  PerguntasERespostas:75 - PERGUNTA 2: Ter empatia com as outras pessoas é importante para você?
2021-11-16 20:56:52 INFO  Principal:15 - ########## INICIO DO BACKEND ##########
2021-11-16 20:56:52 INFO  PerguntasERespostas:62 - #### PERGUNTAS IPERSON ####
2021-11-16 20:56:52 INFO  PerguntasERespostas:65 - PERGUNTA 1: Você se considera uma pessoa responsável com as suas tarefas do dia a dia?
2021-11-16 20:57:23 INFO  PerguntasERespostas:73 - 0
